<?xml version="1.0" encoding="UTF-8"?>
<!-- Generated by org.testng.reporters.JUnitReportReporter -->
<testsuite hostname="Daniels-MacBook-Pro.local" name="io.swagger.codegen.staticDocs.StaticOperationTest" tests="3" failures="0" timestamp="10 Oct 2015 04:15:41 GMT" time="0.000" errors="0">
  <testcase name="listParameterTest" time="0.000" classname="io.swagger.codegen.staticDocs.StaticOperationTest"/>
  <testcase name="complexParameterTest" time="0.000" classname="io.swagger.codegen.staticDocs.StaticOperationTest"/>
  <testcase name="stringParameterTest" time="0.000" classname="io.swagger.codegen.staticDocs.StaticOperationTest"/>
</testsuite> <!-- io.swagger.codegen.staticDocs.StaticOperationTest -->
