<?xml version="1.0" encoding="UTF-8"?>
<!-- Generated by org.testng.reporters.JUnitReportReporter -->
<testsuite hostname="Daniels-MacBook-Pro.local" name="io.swagger.codegen.SwaggerMigratorTest" tests="1" failures="0" timestamp="10 Oct 2015 04:15:41 GMT" time="0.113" errors="0">
  <testcase name="swaggerMigratorTest" time="0.113" classname="io.swagger.codegen.SwaggerMigratorTest"/>
</testsuite> <!-- io.swagger.codegen.SwaggerMigratorTest -->
