<?xml version="1.0" encoding="UTF-8"?>
<!-- Generated by org.testng.reporters.JUnitReportReporter -->
<testsuite hostname="Daniels-MacBook-Pro.local" name="io.swagger.codegen.typescriptangular.TypeScriptAngularModelTest" tests="6" failures="0" timestamp="10 Oct 2015 04:15:41 GMT" time="0.005" errors="0">
  <testcase name="mapModelTest" time="0.000" classname="io.swagger.codegen.typescriptangular.TypeScriptAngularModelTest"/>
  <testcase name="complexListPropertyTest" time="0.001" classname="io.swagger.codegen.typescriptangular.TypeScriptAngularModelTest"/>
  <testcase name="simpleModelTest" time="0.000" classname="io.swagger.codegen.typescriptangular.TypeScriptAngularModelTest"/>
  <testcase name="arrayModelTest" time="0.002" classname="io.swagger.codegen.typescriptangular.TypeScriptAngularModelTest"/>
  <testcase name="complexPropertyTest" time="0.001" classname="io.swagger.codegen.typescriptangular.TypeScriptAngularModelTest"/>
  <testcase name="listPropertyTest" time="0.001" classname="io.swagger.codegen.typescriptangular.TypeScriptAngularModelTest"/>
</testsuite> <!-- io.swagger.codegen.typescriptangular.TypeScriptAngularModelTest -->
