<?xml version="1.0" encoding="UTF-8"?>
<!-- Generated by org.testng.reporters.JUnitReportReporter -->
<testsuite hostname="Daniels-MacBook-Pro.local" name="io.swagger.codegen.CodegenTest" tests="6" failures="0" timestamp="10 Oct 2015 04:15:41 GMT" time="0.499" errors="0">
  <testcase name="formParamTest" time="0.015" classname="io.swagger.codegen.CodegenTest"/>
  <testcase name="responseSelectionTest2" time="0.007" classname="io.swagger.codegen.CodegenTest"/>
  <testcase name="responseSelectionTest1" time="0.014" classname="io.swagger.codegen.CodegenTest"/>
  <testcase name="fileUploadParamTest" time="0.088" classname="io.swagger.codegen.CodegenTest"/>
  <testcase name="requiredParametersTest" time="0.014" classname="io.swagger.codegen.CodegenTest"/>
  <testcase name="binaryDataTest" time="0.361" classname="io.swagger.codegen.CodegenTest"/>
</testsuite> <!-- io.swagger.codegen.CodegenTest -->
