<?xml version="1.0" encoding="UTF-8"?>
<!-- Generated by org.testng.reporters.JUnitReportReporter -->
<testsuite hostname="Daniels-MacBook-Pro.local" name="io.swagger.codegen.objc.ObjcModelTest" tests="9" failures="0" timestamp="10 Oct 2015 04:15:41 GMT" time="0.013" errors="0">
  <testcase name="simpleModelTest" time="0.001" classname="io.swagger.codegen.objc.ObjcModelTest"/>
  <testcase name="arrayModelTest" time="0.002" classname="io.swagger.codegen.objc.ObjcModelTest"/>
  <testcase name="complexPropertyTest" time="0.000" classname="io.swagger.codegen.objc.ObjcModelTest"/>
  <testcase name="complexMapPropertyTest" time="0.001" classname="io.swagger.codegen.objc.ObjcModelTest"/>
  <testcase name="listPropertyTest" time="0.001" classname="io.swagger.codegen.objc.ObjcModelTest"/>
  <testcase name="mapModelTest" time="0.001" classname="io.swagger.codegen.objc.ObjcModelTest"/>
  <testcase name="complexListPropertyTest" time="0.001" classname="io.swagger.codegen.objc.ObjcModelTest"/>
  <testcase name="mapPropertyTest" time="0.001" classname="io.swagger.codegen.objc.ObjcModelTest"/>
  <testcase name="issue316Test" time="0.005" classname="io.swagger.codegen.objc.ObjcModelTest"/>
</testsuite> <!-- io.swagger.codegen.objc.ObjcModelTest -->
