<?xml version="1.0" encoding="UTF-8"?>
<!-- Generated by org.testng.reporters.JUnitReportReporter -->
<testsuite hostname="Daniels-MacBook-Pro.local" name="io.swagger.codegen.CodegenConfigLoaderTest" tests="60" failures="0" timestamp="10 Oct 2015 04:15:41 GMT" time="0.115" errors="0">
  <testcase name="testLoadByName" time="0.001" classname="io.swagger.codegen.CodegenConfigLoaderTest"/>
  <testcase name="testLoadByName" time="0.001" classname="io.swagger.codegen.CodegenConfigLoaderTest"/>
  <testcase name="testLoadByName" time="0.001" classname="io.swagger.codegen.CodegenConfigLoaderTest"/>
  <testcase name="testLoadByFullQualifiedName" time="0.003" classname="io.swagger.codegen.CodegenConfigLoaderTest"/>
  <testcase name="testLoadByName" time="0.002" classname="io.swagger.codegen.CodegenConfigLoaderTest"/>
  <testcase name="testLoadByName" time="0.000" classname="io.swagger.codegen.CodegenConfigLoaderTest"/>
  <testcase name="testLoadByFullQualifiedName" time="0.004" classname="io.swagger.codegen.CodegenConfigLoaderTest"/>
  <testcase name="testLoadByName" time="0.000" classname="io.swagger.codegen.CodegenConfigLoaderTest"/>
  <testcase name="testLoadByFullQualifiedName" time="0.003" classname="io.swagger.codegen.CodegenConfigLoaderTest"/>
  <testcase name="testLoadByName" time="0.000" classname="io.swagger.codegen.CodegenConfigLoaderTest"/>
  <testcase name="testLoadByFullQualifiedName" time="0.002" classname="io.swagger.codegen.CodegenConfigLoaderTest"/>
  <testcase name="testLoadByName" time="0.001" classname="io.swagger.codegen.CodegenConfigLoaderTest"/>
  <testcase name="testLoadByFullQualifiedName" time="0.003" classname="io.swagger.codegen.CodegenConfigLoaderTest"/>
  <testcase name="testLoadByFullQualifiedName" time="0.008" classname="io.swagger.codegen.CodegenConfigLoaderTest"/>
  <testcase name="testLoadByFullQualifiedName" time="0.003" classname="io.swagger.codegen.CodegenConfigLoaderTest"/>
  <testcase name="testLoadByName" time="0.000" classname="io.swagger.codegen.CodegenConfigLoaderTest"/>
  <testcase name="testLoadByFullQualifiedName" time="0.003" classname="io.swagger.codegen.CodegenConfigLoaderTest"/>
  <testcase name="testLoadByFullQualifiedName" time="0.002" classname="io.swagger.codegen.CodegenConfigLoaderTest"/>
  <testcase name="testLoadByFullQualifiedName" time="0.002" classname="io.swagger.codegen.CodegenConfigLoaderTest"/>
  <testcase name="testLoadByFullQualifiedName" time="0.001" classname="io.swagger.codegen.CodegenConfigLoaderTest"/>
  <testcase name="testLoadByFullQualifiedName" time="0.011" classname="io.swagger.codegen.CodegenConfigLoaderTest"/>
  <testcase name="testLoadByFullQualifiedName" time="0.001" classname="io.swagger.codegen.CodegenConfigLoaderTest"/>
  <testcase name="testLoadByFullQualifiedName" time="0.001" classname="io.swagger.codegen.CodegenConfigLoaderTest"/>
  <testcase name="testLoadByName" time="0.001" classname="io.swagger.codegen.CodegenConfigLoaderTest"/>
  <testcase name="testLoadByName" time="0.001" classname="io.swagger.codegen.CodegenConfigLoaderTest"/>
  <testcase name="testLoadByName" time="0.000" classname="io.swagger.codegen.CodegenConfigLoaderTest"/>
  <testcase name="testLoadByFullQualifiedName" time="0.001" classname="io.swagger.codegen.CodegenConfigLoaderTest"/>
  <testcase name="testLoadByName" time="0.000" classname="io.swagger.codegen.CodegenConfigLoaderTest"/>
  <testcase name="testLoadByName" time="0.000" classname="io.swagger.codegen.CodegenConfigLoaderTest"/>
  <testcase name="testLoadByFullQualifiedName" time="0.004" classname="io.swagger.codegen.CodegenConfigLoaderTest"/>
  <testcase name="testLoadByName" time="0.000" classname="io.swagger.codegen.CodegenConfigLoaderTest"/>
  <testcase name="testLoadByName" time="0.001" classname="io.swagger.codegen.CodegenConfigLoaderTest"/>
  <testcase name="testLoadByName" time="0.001" classname="io.swagger.codegen.CodegenConfigLoaderTest"/>
  <testcase name="testLoadByName" time="0.001" classname="io.swagger.codegen.CodegenConfigLoaderTest"/>
  <testcase name="testLoadByFullQualifiedName" time="0.004" classname="io.swagger.codegen.CodegenConfigLoaderTest"/>
  <testcase name="testLoadByName" time="0.001" classname="io.swagger.codegen.CodegenConfigLoaderTest"/>
  <testcase name="testLoadByFullQualifiedName" time="0.002" classname="io.swagger.codegen.CodegenConfigLoaderTest"/>
  <testcase name="testLoadByFullQualifiedName" time="0.001" classname="io.swagger.codegen.CodegenConfigLoaderTest"/>
  <testcase name="testLoadByFullQualifiedName" time="0.002" classname="io.swagger.codegen.CodegenConfigLoaderTest"/>
  <testcase name="testLoadByFullQualifiedName" time="0.001" classname="io.swagger.codegen.CodegenConfigLoaderTest"/>
  <testcase name="testLoadByFullQualifiedName" time="0.002" classname="io.swagger.codegen.CodegenConfigLoaderTest"/>
  <testcase name="testLoadByName" time="0.000" classname="io.swagger.codegen.CodegenConfigLoaderTest"/>
  <testcase name="testLoadByName" time="0.001" classname="io.swagger.codegen.CodegenConfigLoaderTest"/>
  <testcase name="testLoadByFullQualifiedName" time="0.002" classname="io.swagger.codegen.CodegenConfigLoaderTest"/>
  <testcase name="testLoadByFullQualifiedName" time="0.011" classname="io.swagger.codegen.CodegenConfigLoaderTest"/>
  <testcase name="testLoadByName" time="0.001" classname="io.swagger.codegen.CodegenConfigLoaderTest"/>
  <testcase name="testLoadByFullQualifiedName" time="0.004" classname="io.swagger.codegen.CodegenConfigLoaderTest"/>
  <testcase name="testLoadByName" time="0.001" classname="io.swagger.codegen.CodegenConfigLoaderTest"/>
  <testcase name="testLoadByFullQualifiedName" time="0.003" classname="io.swagger.codegen.CodegenConfigLoaderTest"/>
  <testcase name="testLoadByName" time="0.001" classname="io.swagger.codegen.CodegenConfigLoaderTest"/>
  <testcase name="testLoadByName" time="0.000" classname="io.swagger.codegen.CodegenConfigLoaderTest"/>
  <testcase name="testLoadByName" time="0.001" classname="io.swagger.codegen.CodegenConfigLoaderTest"/>
  <testcase name="testLoadByName" time="0.000" classname="io.swagger.codegen.CodegenConfigLoaderTest"/>
  <testcase name="testLoadByFullQualifiedName" time="0.001" classname="io.swagger.codegen.CodegenConfigLoaderTest"/>
  <testcase name="testLoadByFullQualifiedName" time="0.005" classname="io.swagger.codegen.CodegenConfigLoaderTest"/>
  <testcase name="testLoadByName" time="0.001" classname="io.swagger.codegen.CodegenConfigLoaderTest"/>
  <testcase name="testLoadByName" time="0.000" classname="io.swagger.codegen.CodegenConfigLoaderTest"/>
  <testcase name="testLoadByName" time="0.001" classname="io.swagger.codegen.CodegenConfigLoaderTest"/>
  <testcase name="testLoadByFullQualifiedName" time="0.002" classname="io.swagger.codegen.CodegenConfigLoaderTest"/>
  <testcase name="testLoadByFullQualifiedName" time="0.004" classname="io.swagger.codegen.CodegenConfigLoaderTest"/>
</testsuite> <!-- io.swagger.codegen.CodegenConfigLoaderTest -->
