<?xml version="1.0" encoding="UTF-8"?>
<!-- Generated by org.testng.reporters.JUnitReportReporter -->
<testsuite hostname="Daniels-MacBook-Pro.local" name="io.swagger.codegen.python.PythonTest" tests="1" failures="0" timestamp="10 Oct 2015 04:15:41 GMT" time="0.216" errors="0">
  <testcase name="modelTest" time="0.216" classname="io.swagger.codegen.python.PythonTest"/>
</testsuite> <!-- io.swagger.codegen.python.PythonTest -->
