<?xml version="1.0" encoding="UTF-8"?>
<!-- Generated by org.testng.reporters.JUnitReportReporter -->
<testsuite hostname="Daniels-MacBook-Pro.local" name="io.swagger.codegen.java.JavaInheritanceTest" tests="1" failures="0" timestamp="10 Oct 2015 04:15:41 GMT" time="0.005" errors="0">
  <testcase name="javaInheritanceTest" time="0.005" classname="io.swagger.codegen.java.JavaInheritanceTest"/>
</testsuite> <!-- io.swagger.codegen.java.JavaInheritanceTest -->
