<?xml version="1.0" encoding="UTF-8"?>
<testsuite name="TestSuite" time="1.627" tests="150" errors="0" skipped="0" failures="0">
  <properties>
    <property name="java.runtime.name" value="Java(TM) SE Runtime Environment"/>
    <property name="sun.boot.library.path" value="/Library/Java/JavaVirtualMachines/jdk1.7.0_45.jdk/Contents/Home/jre/lib"/>
    <property name="java.vm.version" value="24.45-b08"/>
    <property name="gopherProxySet" value="false"/>
    <property name="java.vm.vendor" value="Oracle Corporation"/>
    <property name="maven.multiModuleProjectDirectory" value="/Users/daniel/code/qlab_hack/swagger-codegen"/>
    <property name="java.vendor.url" value="http://java.oracle.com/"/>
    <property name="path.separator" value=":"/>
    <property name="guice.disable.misplaced.annotation.check" value="true"/>
    <property name="java.vm.name" value="Java HotSpot(TM) 64-Bit Server VM"/>
    <property name="file.encoding.pkg" value="sun.io"/>
    <property name="user.country" value="US"/>
    <property name="sun.java.launcher" value="SUN_STANDARD"/>
    <property name="sun.os.patch.level" value="unknown"/>
    <property name="java.vm.specification.name" value="Java Virtual Machine Specification"/>
    <property name="user.dir" value="/Users/daniel/code/qlab_hack/swagger-codegen"/>
    <property name="java.runtime.version" value="1.7.0_45-b18"/>
    <property name="java.awt.graphicsenv" value="sun.awt.CGraphicsEnvironment"/>
    <property name="java.endorsed.dirs" value="/Library/Java/JavaVirtualMachines/jdk1.7.0_45.jdk/Contents/Home/jre/lib/endorsed"/>
    <property name="os.arch" value="x86_64"/>
    <property name="java.io.tmpdir" value="/var/folders/bq/zndkpb4s2p7dt9_6mm3rvls40000gn/T/"/>
    <property name="line.separator" value="&#10;"/>
    <property name="java.vm.specification.vendor" value="Oracle Corporation"/>
    <property name="os.name" value="Mac OS X"/>
    <property name="classworlds.conf" value="/usr/local/Cellar/maven/3.3.3/libexec/bin/m2.conf"/>
    <property name="sun.jnu.encoding" value="UTF-8"/>
    <property name="java.library.path" value="/Users/daniel/Library/Java/Extensions:/Library/Java/Extensions:/Network/Library/Java/Extensions:/System/Library/Java/Extensions:/usr/lib/java:."/>
    <property name="java.specification.name" value="Java Platform API Specification"/>
    <property name="java.class.version" value="51.0"/>
    <property name="sun.management.compiler" value="HotSpot 64-Bit Tiered Compilers"/>
    <property name="os.version" value="10.11"/>
    <property name="http.nonProxyHosts" value="local|*.local|169.254/16|*.169.254/16"/>
    <property name="user.home" value="/Users/daniel"/>
    <property name="user.timezone" value="America/Chicago"/>
    <property name="java.awt.printerjob" value="sun.lwawt.macosx.CPrinterJob"/>
    <property name="java.specification.version" value="1.7"/>
    <property name="file.encoding" value="UTF-8"/>
    <property name="user.name" value="daniel"/>
    <property name="java.class.path" value="/usr/local/Cellar/maven/3.3.3/libexec/boot/plexus-classworlds-2.5.2.jar"/>
    <property name="java.vm.specification.version" value="1.7"/>
    <property name="sun.arch.data.model" value="64"/>
    <property name="java.home" value="/Library/Java/JavaVirtualMachines/jdk1.7.0_45.jdk/Contents/Home/jre"/>
    <property name="sun.java.command" value="org.codehaus.plexus.classworlds.launcher.Launcher package"/>
    <property name="java.specification.vendor" value="Oracle Corporation"/>
    <property name="user.language" value="en"/>
    <property name="awt.toolkit" value="sun.lwawt.macosx.LWCToolkit"/>
    <property name="java.vm.info" value="mixed mode"/>
    <property name="java.version" value="1.7.0_45"/>
    <property name="java.ext.dirs" value="/Users/daniel/Library/Java/Extensions:/Library/Java/JavaVirtualMachines/jdk1.7.0_45.jdk/Contents/Home/jre/lib/ext:/Library/Java/Extensions:/Network/Library/Java/Extensions:/System/Library/Java/Extensions:/usr/lib/java"/>
    <property name="sun.boot.class.path" value="/Library/Java/JavaVirtualMachines/jdk1.7.0_45.jdk/Contents/Home/jre/lib/resources.jar:/Library/Java/JavaVirtualMachines/jdk1.7.0_45.jdk/Contents/Home/jre/lib/rt.jar:/Library/Java/JavaVirtualMachines/jdk1.7.0_45.jdk/Contents/Home/jre/lib/sunrsasign.jar:/Library/Java/JavaVirtualMachines/jdk1.7.0_45.jdk/Contents/Home/jre/lib/jsse.jar:/Library/Java/JavaVirtualMachines/jdk1.7.0_45.jdk/Contents/Home/jre/lib/jce.jar:/Library/Java/JavaVirtualMachines/jdk1.7.0_45.jdk/Contents/Home/jre/lib/charsets.jar:/Library/Java/JavaVirtualMachines/jdk1.7.0_45.jdk/Contents/Home/jre/lib/jfr.jar:/Library/Java/JavaVirtualMachines/jdk1.7.0_45.jdk/Contents/Home/jre/lib/JObjC.jar:/Library/Java/JavaVirtualMachines/jdk1.7.0_45.jdk/Contents/Home/jre/classes"/>
    <property name="java.vendor" value="Oracle Corporation"/>
    <property name="maven.home" value="/usr/local/Cellar/maven/3.3.3/libexec"/>
    <property name="file.separator" value="/"/>
    <property name="java.vendor.url.bug" value="http://bugreport.sun.com/bugreport/"/>
    <property name="sun.cpu.endian" value="little"/>
    <property name="sun.io.unicode.encoding" value="UnicodeBig"/>
    <property name="socksNonProxyHosts" value="local|*.local|169.254/16|*.169.254/16"/>
    <property name="ftp.nonProxyHosts" value="local|*.local|169.254/16|*.169.254/16"/>
    <property name="sun.cpu.isalist" value=""/>
  </properties>
  <testcase name="clientAuthInputTest" classname="io.swagger.codegen.ClientAuthInputTest" time="0.018"/>
  <testcase name="testLoadByFullQualifiedName" classname="io.swagger.codegen.CodegenConfigLoaderTest" time="0.006"/>
  <testcase name="testLoadByFullQualifiedName" classname="io.swagger.codegen.CodegenConfigLoaderTest" time="0.003"/>
  <testcase name="testLoadByFullQualifiedName" classname="io.swagger.codegen.CodegenConfigLoaderTest" time="0.004"/>
  <testcase name="testLoadByFullQualifiedName" classname="io.swagger.codegen.CodegenConfigLoaderTest" time="0.005"/>
  <testcase name="testLoadByFullQualifiedName" classname="io.swagger.codegen.CodegenConfigLoaderTest" time="0.004"/>
  <testcase name="testLoadByFullQualifiedName" classname="io.swagger.codegen.CodegenConfigLoaderTest" time="0.004"/>
  <testcase name="testLoadByFullQualifiedName" classname="io.swagger.codegen.CodegenConfigLoaderTest" time="0.004"/>
  <testcase name="testLoadByFullQualifiedName" classname="io.swagger.codegen.CodegenConfigLoaderTest" time="0.005"/>
  <testcase name="testLoadByFullQualifiedName" classname="io.swagger.codegen.CodegenConfigLoaderTest" time="0.005"/>
  <testcase name="testLoadByFullQualifiedName" classname="io.swagger.codegen.CodegenConfigLoaderTest" time="0.002"/>
  <testcase name="testLoadByFullQualifiedName" classname="io.swagger.codegen.CodegenConfigLoaderTest" time="0.003"/>
  <testcase name="testLoadByFullQualifiedName" classname="io.swagger.codegen.CodegenConfigLoaderTest" time="0.003"/>
  <testcase name="testLoadByFullQualifiedName" classname="io.swagger.codegen.CodegenConfigLoaderTest" time="0.002"/>
  <testcase name="testLoadByFullQualifiedName" classname="io.swagger.codegen.CodegenConfigLoaderTest" time="0.011"/>
  <testcase name="testLoadByFullQualifiedName" classname="io.swagger.codegen.CodegenConfigLoaderTest" time="0.011"/>
  <testcase name="testLoadByFullQualifiedName" classname="io.swagger.codegen.CodegenConfigLoaderTest" time="0.003"/>
  <testcase name="testLoadByFullQualifiedName" classname="io.swagger.codegen.CodegenConfigLoaderTest" time="0.002"/>
  <testcase name="testLoadByFullQualifiedName" classname="io.swagger.codegen.CodegenConfigLoaderTest" time="0.001"/>
  <testcase name="testLoadByFullQualifiedName" classname="io.swagger.codegen.CodegenConfigLoaderTest" time="0.002"/>
  <testcase name="testLoadByFullQualifiedName" classname="io.swagger.codegen.CodegenConfigLoaderTest" time="0.003"/>
  <testcase name="testLoadByFullQualifiedName" classname="io.swagger.codegen.CodegenConfigLoaderTest" time="0.002"/>
  <testcase name="testLoadByFullQualifiedName" classname="io.swagger.codegen.CodegenConfigLoaderTest" time="0.001"/>
  <testcase name="testLoadByFullQualifiedName" classname="io.swagger.codegen.CodegenConfigLoaderTest" time="0.002"/>
  <testcase name="testLoadByFullQualifiedName" classname="io.swagger.codegen.CodegenConfigLoaderTest" time="0.009"/>
  <testcase name="testLoadByFullQualifiedName" classname="io.swagger.codegen.CodegenConfigLoaderTest" time="0.001"/>
  <testcase name="testLoadByFullQualifiedName" classname="io.swagger.codegen.CodegenConfigLoaderTest" time="0.001"/>
  <testcase name="testLoadByFullQualifiedName" classname="io.swagger.codegen.CodegenConfigLoaderTest" time="0.001"/>
  <testcase name="testLoadByFullQualifiedName" classname="io.swagger.codegen.CodegenConfigLoaderTest" time="0.001"/>
  <testcase name="testLoadByFullQualifiedName" classname="io.swagger.codegen.CodegenConfigLoaderTest" time="0.002"/>
  <testcase name="testLoadByFullQualifiedName" classname="io.swagger.codegen.CodegenConfigLoaderTest" time="0.001"/>
  <testcase name="testLoadByName" classname="io.swagger.codegen.CodegenConfigLoaderTest" time="0.001"/>
  <testcase name="testLoadByName" classname="io.swagger.codegen.CodegenConfigLoaderTest" time="0.002"/>
  <testcase name="testLoadByName" classname="io.swagger.codegen.CodegenConfigLoaderTest" time="0.001"/>
  <testcase name="testLoadByName" classname="io.swagger.codegen.CodegenConfigLoaderTest" time="0.001"/>
  <testcase name="testLoadByName" classname="io.swagger.codegen.CodegenConfigLoaderTest" time="0.001"/>
  <testcase name="testLoadByName" classname="io.swagger.codegen.CodegenConfigLoaderTest" time="0.001"/>
  <testcase name="testLoadByName" classname="io.swagger.codegen.CodegenConfigLoaderTest" time="0.001"/>
  <testcase name="testLoadByName" classname="io.swagger.codegen.CodegenConfigLoaderTest" time="0.001"/>
  <testcase name="testLoadByName" classname="io.swagger.codegen.CodegenConfigLoaderTest" time="0"/>
  <testcase name="testLoadByName" classname="io.swagger.codegen.CodegenConfigLoaderTest" time="0.001"/>
  <testcase name="testLoadByName" classname="io.swagger.codegen.CodegenConfigLoaderTest" time="0.001"/>
  <testcase name="testLoadByName" classname="io.swagger.codegen.CodegenConfigLoaderTest" time="0.001"/>
  <testcase name="testLoadByName" classname="io.swagger.codegen.CodegenConfigLoaderTest" time="0.001"/>
  <testcase name="testLoadByName" classname="io.swagger.codegen.CodegenConfigLoaderTest" time="0.001"/>
  <testcase name="testLoadByName" classname="io.swagger.codegen.CodegenConfigLoaderTest" time="0.001"/>
  <testcase name="testLoadByName" classname="io.swagger.codegen.CodegenConfigLoaderTest" time="0.001"/>
  <testcase name="testLoadByName" classname="io.swagger.codegen.CodegenConfigLoaderTest" time="0"/>
  <testcase name="testLoadByName" classname="io.swagger.codegen.CodegenConfigLoaderTest" time="0.001"/>
  <testcase name="testLoadByName" classname="io.swagger.codegen.CodegenConfigLoaderTest" time="0.001"/>
  <testcase name="testLoadByName" classname="io.swagger.codegen.CodegenConfigLoaderTest" time="0.001"/>
  <testcase name="testLoadByName" classname="io.swagger.codegen.CodegenConfigLoaderTest" time="0"/>
  <testcase name="testLoadByName" classname="io.swagger.codegen.CodegenConfigLoaderTest" time="0.001"/>
  <testcase name="testLoadByName" classname="io.swagger.codegen.CodegenConfigLoaderTest" time="0.001"/>
  <testcase name="testLoadByName" classname="io.swagger.codegen.CodegenConfigLoaderTest" time="0.001"/>
  <testcase name="testLoadByName" classname="io.swagger.codegen.CodegenConfigLoaderTest" time="0.001"/>
  <testcase name="testLoadByName" classname="io.swagger.codegen.CodegenConfigLoaderTest" time="0.001"/>
  <testcase name="testLoadByName" classname="io.swagger.codegen.CodegenConfigLoaderTest" time="0.001"/>
  <testcase name="testLoadByName" classname="io.swagger.codegen.CodegenConfigLoaderTest" time="0.002"/>
  <testcase name="testLoadByName" classname="io.swagger.codegen.CodegenConfigLoaderTest" time="0.001"/>
  <testcase name="testLoadByName" classname="io.swagger.codegen.CodegenConfigLoaderTest" time="0.001"/>
  <testcase name="binaryDataTest" classname="io.swagger.codegen.CodegenTest" time="0.361"/>
  <testcase name="fileUploadParamTest" classname="io.swagger.codegen.CodegenTest" time="0.088"/>
  <testcase name="formParamTest" classname="io.swagger.codegen.CodegenTest" time="0.015"/>
  <testcase name="requiredParametersTest" classname="io.swagger.codegen.CodegenTest" time="0.014"/>
  <testcase name="responseSelectionTest1" classname="io.swagger.codegen.CodegenTest" time="0.014"/>
  <testcase name="responseSelectionTest2" classname="io.swagger.codegen.CodegenTest" time="0.007"/>
  <testcase name="testAdditionalProperties" classname="io.swagger.codegen.config.CodegenConfiguratorTest" time="0.087"/>
  <testcase name="testApiPackage" classname="io.swagger.codegen.config.CodegenConfiguratorTest" time="0.002"/>
  <testcase name="testArtifactId" classname="io.swagger.codegen.config.CodegenConfiguratorTest" time="0.001"/>
  <testcase name="testArtifactVersion" classname="io.swagger.codegen.config.CodegenConfiguratorTest" time="0.001"/>
  <testcase name="testDynamicProperties" classname="io.swagger.codegen.config.CodegenConfiguratorTest" time="0.001"/>
  <testcase name="testFromFile" classname="io.swagger.codegen.config.CodegenConfiguratorTest" time="0.009"/>
  <testcase name="testGroupId" classname="io.swagger.codegen.config.CodegenConfiguratorTest" time="0.001"/>
  <testcase name="testImportMappings" classname="io.swagger.codegen.config.CodegenConfiguratorTest" time="0.002"/>
  <testcase name="testInstantiationTypes" classname="io.swagger.codegen.config.CodegenConfiguratorTest" time="0.003"/>
  <testcase name="testInvokerPackage" classname="io.swagger.codegen.config.CodegenConfiguratorTest" time="0.002"/>
  <testcase name="testLanguageSpecificPrimitives" classname="io.swagger.codegen.config.CodegenConfiguratorTest" time="0.002"/>
  <testcase name="testLibrary" classname="io.swagger.codegen.config.CodegenConfiguratorTest" time="0.001"/>
  <testcase name="testModelPackage" classname="io.swagger.codegen.config.CodegenConfiguratorTest" time="0.001"/>
  <testcase name="testSkipOverwrite" classname="io.swagger.codegen.config.CodegenConfiguratorTest" time="0.002"/>
  <testcase name="testSystemProperties" classname="io.swagger.codegen.config.CodegenConfiguratorTest" time="0.018"/>
  <testcase name="testTemplateDir" classname="io.swagger.codegen.config.CodegenConfiguratorTest" time="0.012"/>
  <testcase name="testTypeMappings" classname="io.swagger.codegen.config.CodegenConfiguratorTest" time="0.002"/>
  <testcase name="testVerbose" classname="io.swagger.codegen.config.CodegenConfiguratorTest" time="0.014"/>
  <testcase name="testSkipOverwrite" classname="io.swagger.codegen.DefaultGeneratorTest" time="0.52"/>
  <testcase name="recursiveModelsTest" classname="io.swagger.codegen.ExampleGeneratorTest" time="0.014"/>
  <testcase name="javaInheritanceTest" classname="io.swagger.codegen.java.JavaInheritanceTest" time="0.005"/>
  <testcase name="converterTest" classname="io.swagger.codegen.java.JavaModelEnumTest" time="0.002"/>
  <testcase name="overrideEnumTest" classname="io.swagger.codegen.java.JavaModelEnumTest" time="0.002"/>
  <testcase name="arrayModelTest" classname="io.swagger.codegen.java.JavaModelTest" time="0.003"/>
  <testcase name="binaryDataTest" classname="io.swagger.codegen.java.JavaModelTest" time="0.004"/>
  <testcase name="complexListPropertyTest" classname="io.swagger.codegen.java.JavaModelTest" time="0.003"/>
  <testcase name="complexMapPropertyTest" classname="io.swagger.codegen.java.JavaModelTest" time="0.002"/>
  <testcase name="complexPropertiesTest" classname="io.swagger.codegen.java.JavaModelTest" time="0.001"/>
  <testcase name="convertParameterTest" classname="io.swagger.codegen.java.JavaModelTest" time="0.001"/>
  <testcase name="escapeNamesTest" classname="io.swagger.codegen.java.JavaModelTest" time="0.001"/>
  <testcase name="hyphensTest" classname="io.swagger.codegen.java.JavaModelTest" time="0.001"/>
  <testcase name="invalidParamNameTest" classname="io.swagger.codegen.java.JavaModelTest" time="0"/>
  <testcase name="list2DPropertyTest" classname="io.swagger.codegen.java.JavaModelTest" time="0.002"/>
  <testcase name="listPropertyTest" classname="io.swagger.codegen.java.JavaModelTest" time="0.001"/>
  <testcase name="mapModelTest" classname="io.swagger.codegen.java.JavaModelTest" time="0.002"/>
  <testcase name="mapPropertyTest" classname="io.swagger.codegen.java.JavaModelTest" time="0.001"/>
  <testcase name="mapWithListPropertyTest" classname="io.swagger.codegen.java.JavaModelTest" time="0.001"/>
  <testcase name="secondCharUpperCaseNamesTest" classname="io.swagger.codegen.java.JavaModelTest" time="0.001"/>
  <testcase name="simpleModelTest" classname="io.swagger.codegen.java.JavaModelTest" time="0.001"/>
  <testcase name="squareBracketsTest" classname="io.swagger.codegen.java.JavaModelTest" time="0"/>
  <testcase name="upperCaseNamesTest" classname="io.swagger.codegen.java.JavaModelTest" time="0.001"/>
  <testcase name="arrayModelTest" classname="io.swagger.codegen.objc.ObjcModelTest" time="0.002"/>
  <testcase name="complexListPropertyTest" classname="io.swagger.codegen.objc.ObjcModelTest" time="0.001"/>
  <testcase name="complexMapPropertyTest" classname="io.swagger.codegen.objc.ObjcModelTest" time="0.001"/>
  <testcase name="complexPropertyTest" classname="io.swagger.codegen.objc.ObjcModelTest" time="0"/>
  <testcase name="issue316Test" classname="io.swagger.codegen.objc.ObjcModelTest" time="0.005"/>
  <testcase name="listPropertyTest" classname="io.swagger.codegen.objc.ObjcModelTest" time="0.001"/>
  <testcase name="mapModelTest" classname="io.swagger.codegen.objc.ObjcModelTest" time="0.001"/>
  <testcase name="mapPropertyTest" classname="io.swagger.codegen.objc.ObjcModelTest" time="0.001"/>
  <testcase name="simpleModelTest" classname="io.swagger.codegen.objc.ObjcModelTest" time="0.001"/>
  <testcase name="arrayModelTest" classname="io.swagger.codegen.php.PhpModelTest" time="0.002"/>
  <testcase name="complexListProperty" classname="io.swagger.codegen.php.PhpModelTest" time="0.001"/>
  <testcase name="complexMapProperty" classname="io.swagger.codegen.php.PhpModelTest" time="0.001"/>
  <testcase name="complexPropertyTest" classname="io.swagger.codegen.php.PhpModelTest" time="0.001"/>
  <testcase name="listPropertyTest" classname="io.swagger.codegen.php.PhpModelTest" time="0.001"/>
  <testcase name="mapModelTest" classname="io.swagger.codegen.php.PhpModelTest" time="0.001"/>
  <testcase name="mapPropertyTest" classname="io.swagger.codegen.php.PhpModelTest" time="0.001"/>
  <testcase name="simpleModelTest" classname="io.swagger.codegen.php.PhpModelTest" time="0.001"/>
  <testcase name="modelTest" classname="io.swagger.codegen.python.PythonTest" time="0.216"/>
  <testcase name="arrayModelTest" classname="io.swagger.codegen.scala.ScalaModelTest" time="0.003"/>
  <testcase name="complexListPropertyTest" classname="io.swagger.codegen.scala.ScalaModelTest" time="0"/>
  <testcase name="complexMapPropertyTest" classname="io.swagger.codegen.scala.ScalaModelTest" time="0.001"/>
  <testcase name="complexPropertyTest" classname="io.swagger.codegen.scala.ScalaModelTest" time="0.001"/>
  <testcase name="listPropertyTest" classname="io.swagger.codegen.scala.ScalaModelTest" time="0.001"/>
  <testcase name="mapModelTest" classname="io.swagger.codegen.scala.ScalaModelTest" time="0.001"/>
  <testcase name="mapPropertyTest" classname="io.swagger.codegen.scala.ScalaModelTest" time="0.001"/>
  <testcase name="simpleModelTest" classname="io.swagger.codegen.scala.ScalaModelTest" time="0.001"/>
  <testcase name="complexParameterTest" classname="io.swagger.codegen.staticDocs.StaticOperationTest" time="0.001"/>
  <testcase name="listParameterTest" classname="io.swagger.codegen.staticDocs.StaticOperationTest" time="0.001"/>
  <testcase name="stringParameterTest" classname="io.swagger.codegen.staticDocs.StaticOperationTest" time="0"/>
  <testcase name="swaggerMigratorTest" classname="io.swagger.codegen.SwaggerMigratorTest" time="0.113"/>
  <testcase name="arrayModelTest" classname="io.swagger.codegen.typescriptangular.TypeScriptAngularModelTest" time="0.003"/>
  <testcase name="complexListPropertyTest" classname="io.swagger.codegen.typescriptangular.TypeScriptAngularModelTest" time="0.001"/>
  <testcase name="complexPropertyTest" classname="io.swagger.codegen.typescriptangular.TypeScriptAngularModelTest" time="0.001"/>
  <testcase name="listPropertyTest" classname="io.swagger.codegen.typescriptangular.TypeScriptAngularModelTest" time="0.001"/>
  <testcase name="mapModelTest" classname="io.swagger.codegen.typescriptangular.TypeScriptAngularModelTest" time="0.001"/>
  <testcase name="simpleModelTest" classname="io.swagger.codegen.typescriptangular.TypeScriptAngularModelTest" time="0.001"/>
  <testcase name="arrayModelTest" classname="io.swagger.codegen.typescriptnode.TypeScriptNodeModelTest" time="0"/>
  <testcase name="complexListPropertyTest" classname="io.swagger.codegen.typescriptnode.TypeScriptNodeModelTest" time="0"/>
  <testcase name="complexPropertyTest" classname="io.swagger.codegen.typescriptnode.TypeScriptNodeModelTest" time="0.001"/>
  <testcase name="listPropertyTest" classname="io.swagger.codegen.typescriptnode.TypeScriptNodeModelTest" time="0.001"/>
  <testcase name="mapModelTest" classname="io.swagger.codegen.typescriptnode.TypeScriptNodeModelTest" time="0.001"/>
  <testcase name="simpleModelTest" classname="io.swagger.codegen.typescriptnode.TypeScriptNodeModelTest" time="0"/>
</testsuite>