<?xml version="1.0" encoding="UTF-8"?>
<!-- Generated by org.testng.reporters.JUnitReportReporter -->
<testsuite hostname="Daniels-MacBook-Pro.local" name="io.swagger.generator.GeneratorInputTest" tests="1" failures="0" timestamp="10 Oct 2015 04:17:58 GMT" time="0.007" errors="0">
  <testcase name="writeObjectTest" time="0.007" classname="io.swagger.generator.GeneratorInputTest"/>
</testsuite> <!-- io.swagger.generator.GeneratorInputTest -->
