<?xml version="1.0" encoding="UTF-8"?>
<!-- Generated by org.testng.reporters.JUnitReportReporter -->
<testsuite hostname="Daniels-MacBook-Pro.local" name="io.swagger.codegen.java.JavaModelTest" tests="18" failures="0" timestamp="10 Oct 2015 04:15:41 GMT" time="0.018" errors="0">
  <testcase name="escapeNamesTest" time="0.001" classname="io.swagger.codegen.java.JavaModelTest"/>
  <testcase name="upperCaseNamesTest" time="0.001" classname="io.swagger.codegen.java.JavaModelTest"/>
  <testcase name="mapPropertyTest" time="0.000" classname="io.swagger.codegen.java.JavaModelTest"/>
  <testcase name="mapModelTest" time="0.001" classname="io.swagger.codegen.java.JavaModelTest"/>
  <testcase name="secondCharUpperCaseNamesTest" time="0.001" classname="io.swagger.codegen.java.JavaModelTest"/>
  <testcase name="arrayModelTest" time="0.003" classname="io.swagger.codegen.java.JavaModelTest"/>
  <testcase name="complexListPropertyTest" time="0.002" classname="io.swagger.codegen.java.JavaModelTest"/>
  <testcase name="convertParameterTest" time="0.001" classname="io.swagger.codegen.java.JavaModelTest"/>
  <testcase name="complexPropertiesTest" time="0.001" classname="io.swagger.codegen.java.JavaModelTest"/>
  <testcase name="simpleModelTest" time="0.001" classname="io.swagger.codegen.java.JavaModelTest"/>
  <testcase name="squareBracketsTest" time="0.000" classname="io.swagger.codegen.java.JavaModelTest"/>
  <testcase name="listPropertyTest" time="0.001" classname="io.swagger.codegen.java.JavaModelTest"/>
  <testcase name="invalidParamNameTest" time="0.000" classname="io.swagger.codegen.java.JavaModelTest"/>
  <testcase name="binaryDataTest" time="0.001" classname="io.swagger.codegen.java.JavaModelTest"/>
  <testcase name="mapWithListPropertyTest" time="0.001" classname="io.swagger.codegen.java.JavaModelTest"/>
  <testcase name="hyphensTest" time="0.000" classname="io.swagger.codegen.java.JavaModelTest"/>
  <testcase name="list2DPropertyTest" time="0.001" classname="io.swagger.codegen.java.JavaModelTest"/>
  <testcase name="complexMapPropertyTest" time="0.002" classname="io.swagger.codegen.java.JavaModelTest"/>
</testsuite> <!-- io.swagger.codegen.java.JavaModelTest -->
