<?xml version="1.0" encoding="UTF-8"?>
<!-- Generated by org.testng.reporters.JUnitReportReporter -->
<testsuite hostname="Daniels-MacBook-Pro.local" name="io.swagger.codegen.ExampleGeneratorTest" tests="1" failures="0" timestamp="10 Oct 2015 04:15:41 GMT" time="0.015" errors="0">
  <testcase name="recursiveModelsTest" time="0.015" classname="io.swagger.codegen.ExampleGeneratorTest"/>
</testsuite> <!-- io.swagger.codegen.ExampleGeneratorTest -->
