<?xml version="1.0" encoding="UTF-8"?>
<!-- Generated by org.testng.reporters.JUnitReportReporter -->
<testsuite hostname="Daniels-MacBook-Pro.local" name="io.swagger.codegen.java.JavaModelEnumTest" tests="2" failures="0" timestamp="10 Oct 2015 04:15:41 GMT" time="0.003" errors="0">
  <testcase name="converterTest" time="0.001" classname="io.swagger.codegen.java.JavaModelEnumTest"/>
  <testcase name="overrideEnumTest" time="0.002" classname="io.swagger.codegen.java.JavaModelEnumTest"/>
</testsuite> <!-- io.swagger.codegen.java.JavaModelEnumTest -->
