<?xml version="1.0" encoding="UTF-8"?>
<!-- Generated by org.testng.reporters.JUnitReportReporter -->
<testsuite hostname="Daniels-MacBook-Pro.local" name="io.swagger.codegen.php.PhpModelTest" tests="8" failures="0" timestamp="10 Oct 2015 04:15:41 GMT" time="0.010" errors="0">
  <testcase name="mapPropertyTest" time="0.001" classname="io.swagger.codegen.php.PhpModelTest"/>
  <testcase name="listPropertyTest" time="0.002" classname="io.swagger.codegen.php.PhpModelTest"/>
  <testcase name="mapModelTest" time="0.001" classname="io.swagger.codegen.php.PhpModelTest"/>
  <testcase name="complexPropertyTest" time="0.001" classname="io.swagger.codegen.php.PhpModelTest"/>
  <testcase name="complexListProperty" time="0.001" classname="io.swagger.codegen.php.PhpModelTest"/>
  <testcase name="arrayModelTest" time="0.001" classname="io.swagger.codegen.php.PhpModelTest"/>
  <testcase name="simpleModelTest" time="0.002" classname="io.swagger.codegen.php.PhpModelTest"/>
  <testcase name="complexMapProperty" time="0.001" classname="io.swagger.codegen.php.PhpModelTest"/>
</testsuite> <!-- io.swagger.codegen.php.PhpModelTest -->
