<?xml version="1.0" encoding="UTF-8"?>
<!-- Generated by org.testng.reporters.JUnitReportReporter -->
<testsuite hostname="Daniels-MacBook-Pro.local" name="io.swagger.codegen.cmd.utils.OptionUtilsTest" tests="2" failures="0" timestamp="10 Oct 2015 04:15:53 GMT" time="0.005" errors="0">
  <testcase name="testParseCommaSeparatedTuples" time="0.002" classname="io.swagger.codegen.cmd.utils.OptionUtilsTest"/>
  <testcase name="splitCommaSeparatedList" time="0.003" classname="io.swagger.codegen.cmd.utils.OptionUtilsTest"/>
</testsuite> <!-- io.swagger.codegen.cmd.utils.OptionUtilsTest -->
